e:\praktyki\x265\cli.dir\release\getopt.obj
e:\praktyki\x265\cli.dir\release\reconplay.obj
e:\praktyki\x265\cli.dir\release\x265-extras.obj
e:\praktyki\x265\cli.dir\release\raw.obj
e:\praktyki\x265\cli.dir\release\input.obj
e:\praktyki\x265\cli.dir\release\x265.obj
e:\praktyki\x265\cli.dir\release\output.obj
e:\praktyki\x265\cli.dir\release\input\yuv.cpp.obj
e:\praktyki\x265\cli.dir\release\input\y4m.cpp.obj
e:\praktyki\x265\cli.dir\release\output\yuv.cpp.obj
e:\praktyki\x265\cli.dir\release\output\y4m.cpp.obj
e:\praktyki\x265\release\x265.lib
e:\praktyki\x265\release\x265.exp
e:\praktyki\x265\cmakefiles\generate.stamp
e:\praktyki\x265\release\x265.exe
e:\praktyki\x265\cli.dir\release\x265.res
e:\praktyki\x265\cli.dir\release\cli.tlog\cl.command.1.tlog
e:\praktyki\x265\cli.dir\release\cli.tlog\cl.read.1.tlog
e:\praktyki\x265\cli.dir\release\cli.tlog\cl.write.1.tlog
e:\praktyki\x265\cli.dir\release\cli.tlog\cli.write.1u.tlog
e:\praktyki\x265\cli.dir\release\cli.tlog\custombuild.command.1.tlog
e:\praktyki\x265\cli.dir\release\cli.tlog\custombuild.read.1.tlog
e:\praktyki\x265\cli.dir\release\cli.tlog\custombuild.write.1.tlog
e:\praktyki\x265\cli.dir\release\cli.tlog\link.command.1.tlog
e:\praktyki\x265\cli.dir\release\cli.tlog\link.read.1.tlog
e:\praktyki\x265\cli.dir\release\cli.tlog\link.write.1.tlog
e:\praktyki\x265\cli.dir\release\cli.tlog\rc.command.1.tlog
e:\praktyki\x265\cli.dir\release\cli.tlog\rc.read.1.tlog
e:\praktyki\x265\cli.dir\release\cli.tlog\rc.write.1.tlog
