e:\praktyki\x265\common\common.dir\release\bitstream.obj
e:\praktyki\x265\common\common.dir\release\dct.obj
e:\praktyki\x265\common\common.dir\release\intrapred.obj
e:\praktyki\x265\common\common.dir\release\md5.obj
e:\praktyki\x265\common\common.dir\release\pixel.obj
e:\praktyki\x265\common\common.dir\release\slice.obj
e:\praktyki\x265\common\common.dir\release\winxp.obj
e:\praktyki\x265\common\common.dir\release\cpu.obj
e:\praktyki\x265\common\common.dir\release\cudata.obj
e:\praktyki\x265\common\common.dir\release\framedata.obj
e:\praktyki\x265\common\common.dir\release\lowres.obj
e:\praktyki\x265\common\common.dir\release\picyuv.obj
e:\praktyki\x265\common\common.dir\release\scalinglist.obj
e:\praktyki\x265\common\common.dir\release\threadpool.obj
e:\praktyki\x265\common\common.dir\release\asm-primitives.obj
e:\praktyki\x265\common\common.dir\release\common.obj
e:\praktyki\x265\common\common.dir\release\deblock.obj
e:\praktyki\x265\common\common.dir\release\loopfilter.obj
e:\praktyki\x265\common\common.dir\release\param.obj
e:\praktyki\x265\common\common.dir\release\predict.obj
e:\praktyki\x265\common\common.dir\release\shortyuv.obj
e:\praktyki\x265\common\common.dir\release\wavefront.obj
e:\praktyki\x265\common\common.dir\release\constants.obj
e:\praktyki\x265\common\common.dir\release\frame.obj
e:\praktyki\x265\common\common.dir\release\ipfilter.obj
e:\praktyki\x265\common\common.dir\release\piclist.obj
e:\praktyki\x265\common\common.dir\release\quant.obj
e:\praktyki\x265\common\common.dir\release\vec-primitives.obj
e:\praktyki\x265\common\common.dir\release\yuv.obj
e:\praktyki\x265\common\common.dir\release\dct-sse41.obj
e:\praktyki\x265\common\common.dir\release\dct-ssse3.obj
e:\praktyki\x265\common\common.dir\release\dct-sse3.obj
e:\praktyki\x265\common\common.dir\release\primitives.obj
e:\praktyki\x265\common\common.dir\release\threading.obj
e:\praktyki\x265\common\common.dir\release\version.obj
e:\praktyki\x265\common\cmakefiles\generate.stamp
e:\praktyki\x265\common\common.dir\release\common.lib
e:\praktyki\x265\common\common.dir\release\common.tlog\cl.command.1.tlog
e:\praktyki\x265\common\common.dir\release\common.tlog\cl.read.1.tlog
e:\praktyki\x265\common\common.dir\release\common.tlog\cl.write.1.tlog
e:\praktyki\x265\common\common.dir\release\common.tlog\custombuild.command.1.tlog
e:\praktyki\x265\common\common.dir\release\common.tlog\custombuild.read.1.tlog
e:\praktyki\x265\common\common.dir\release\common.tlog\custombuild.write.1.tlog
e:\praktyki\x265\common\common.dir\release\common.tlog\lib-link.read.1.tlog
e:\praktyki\x265\common\common.dir\release\common.tlog\lib-link.write.1.tlog
e:\praktyki\x265\common\common.dir\release\common.tlog\lib.command.1.tlog
